<?xml version="1.0" encoding="UTF-8"?>
<coverage generated="1645011530461" clover="3.2.0">
  <project timestamp="1645011530461" name="All files">
    <metrics statements="79" coveredstatements="62" conditionals="14" coveredconditionals="12" methods="39" coveredmethods="26" elements="132" coveredelements="100" complexity="0" loc="79" ncloc="79" packages="3" files="11" classes="11"/>
    <package name="src">
      <metrics statements="1" coveredstatements="1" conditionals="0" coveredconditionals="0" methods="1" coveredmethods="1"/>
      <file name="math.js" path="/Users/bernardogeneroso/Documents/Documents - Bernardo’s MacBook Pro/Courses/The Ultimate Redux/Source Code/redux-starter/src/math.js">
        <metrics statements="1" coveredstatements="1" conditionals="0" coveredconditionals="0" methods="1" coveredmethods="1"/>
        <line num="1" count="2" type="stmt"/>
      </file>
    </package>
    <package name="src.store">
      <metrics statements="51" coveredstatements="42" conditionals="2" coveredconditionals="2" methods="28" coveredmethods="19"/>
      <file name="api.js" path="/Users/bernardogeneroso/Documents/Documents - Bernardo’s MacBook Pro/Courses/The Ultimate Redux/Source Code/redux-starter/src/store/api.js">
        <metrics statements="3" coveredstatements="3" conditionals="0" coveredconditionals="0" methods="0" coveredmethods="0"/>
        <line num="3" count="1" type="stmt"/>
        <line num="4" count="1" type="stmt"/>
        <line num="5" count="1" type="stmt"/>
      </file>
      <file name="bugs.js" path="/Users/bernardogeneroso/Documents/Documents - Bernardo’s MacBook Pro/Courses/The Ultimate Redux/Source Code/redux-starter/src/store/bugs.js">
        <metrics statements="38" coveredstatements="31" conditionals="2" coveredconditionals="2" methods="24" coveredmethods="17"/>
        <line num="7" count="1" type="stmt"/>
        <line num="16" count="5" type="stmt"/>
        <line num="20" count="1" type="stmt"/>
        <line num="24" count="4" type="stmt"/>
        <line num="25" count="4" type="stmt"/>
        <line num="26" count="4" type="stmt"/>
        <line num="30" count="0" type="stmt"/>
        <line num="31" count="0" type="stmt"/>
        <line num="32" count="0" type="stmt"/>
        <line num="38" count="5" type="stmt"/>
        <line num="43" count="1" type="stmt"/>
        <line num="44" count="1" type="stmt"/>
        <line num="46" count="1" type="stmt"/>
        <line num="50" count="1" type="stmt"/>
        <line num="51" count="1" type="stmt"/>
        <line num="69" count="1" type="stmt"/>
        <line num="71" count="1" type="stmt"/>
        <line num="73" count="6" type="stmt"/>
        <line num="74" count="6" type="stmt"/>
        <line num="76" count="6" type="stmt"/>
        <line num="78" count="6" type="cond" truecount="2" falsecount="0"/>
        <line num="80" count="5" type="stmt"/>
        <line num="90" count="1" type="stmt"/>
        <line num="91" count="6" type="stmt"/>
        <line num="98" count="1" type="stmt"/>
        <line num="99" count="2" type="stmt"/>
        <line num="106" count="1" type="stmt"/>
        <line num="107" count="2" type="stmt"/>
        <line num="114" count="1" type="stmt"/>
        <line num="115" count="0" type="stmt"/>
        <line num="125" count="1" type="stmt"/>
        <line num="126" count="1" type="stmt"/>
        <line num="127" count="1" type="stmt"/>
        <line num="128" count="4" type="stmt"/>
        <line num="131" count="1" type="stmt"/>
        <line num="132" count="0" type="stmt"/>
        <line num="133" count="0" type="stmt"/>
        <line num="134" count="0" type="stmt"/>
      </file>
      <file name="configureStore.js" path="/Users/bernardogeneroso/Documents/Documents - Bernardo’s MacBook Pro/Courses/The Ultimate Redux/Source Code/redux-starter/src/store/configureStore.js">
        <metrics statements="2" coveredstatements="2" conditionals="0" coveredconditionals="0" methods="2" coveredmethods="2"/>
        <line num="9" count="12" type="stmt"/>
        <line num="11" count="12" type="stmt"/>
      </file>
      <file name="entities.js" path="/Users/bernardogeneroso/Documents/Documents - Bernardo’s MacBook Pro/Courses/The Ultimate Redux/Source Code/redux-starter/src/store/entities.js">
        <metrics statements="0" coveredstatements="0" conditionals="0" coveredconditionals="0" methods="0" coveredmethods="0"/>
      </file>
      <file name="projets.js" path="/Users/bernardogeneroso/Documents/Documents - Bernardo’s MacBook Pro/Courses/The Ultimate Redux/Source Code/redux-starter/src/store/projets.js">
        <metrics statements="4" coveredstatements="3" conditionals="0" coveredconditionals="0" methods="1" coveredmethods="0"/>
        <line num="3" count="1" type="stmt"/>
        <line num="5" count="1" type="stmt"/>
        <line num="10" count="0" type="stmt"/>
        <line num="18" count="1" type="stmt"/>
      </file>
      <file name="reducer.js" path="/Users/bernardogeneroso/Documents/Documents - Bernardo’s MacBook Pro/Courses/The Ultimate Redux/Source Code/redux-starter/src/store/reducer.js">
        <metrics statements="0" coveredstatements="0" conditionals="0" coveredconditionals="0" methods="0" coveredmethods="0"/>
      </file>
      <file name="users.js" path="/Users/bernardogeneroso/Documents/Documents - Bernardo’s MacBook Pro/Courses/The Ultimate Redux/Source Code/redux-starter/src/store/users.js">
        <metrics statements="4" coveredstatements="3" conditionals="0" coveredconditionals="0" methods="1" coveredmethods="0"/>
        <line num="3" count="1" type="stmt"/>
        <line num="5" count="1" type="stmt"/>
        <line num="10" count="0" type="stmt"/>
        <line num="18" count="1" type="stmt"/>
      </file>
    </package>
    <package name="src.store.middleware">
      <metrics statements="27" coveredstatements="19" conditionals="12" coveredconditionals="10" methods="10" coveredmethods="6"/>
      <file name="api.js" path="/Users/bernardogeneroso/Documents/Documents - Bernardo’s MacBook Pro/Courses/The Ultimate Redux/Source Code/redux-starter/src/store/middleware/api.js">
        <metrics statements="15" coveredstatements="15" conditionals="10" coveredconditionals="9" methods="3" coveredmethods="3"/>
        <line num="16" count="1" type="stmt"/>
        <line num="17" count="12" type="stmt"/>
        <line num="18" count="12" type="stmt"/>
        <line num="19" count="47" type="cond" truecount="2" falsecount="0"/>
        <line num="22" count="15" type="stmt"/>
        <line num="24" count="15" type="cond" truecount="2" falsecount="0"/>
        <line num="26" count="15" type="stmt"/>
        <line num="28" count="15" type="stmt"/>
        <line num="29" count="15" type="stmt"/>
        <line num="37" count="11" type="stmt"/>
        <line num="40" count="11" type="cond" truecount="1" falsecount="1"/>
        <line num="41" count="11" type="stmt"/>
        <line num="47" count="4" type="stmt"/>
        <line num="50" count="4" type="cond" truecount="2" falsecount="0"/>
        <line num="51" count="1" type="stmt"/>
      </file>
      <file name="logger.js" path="/Users/bernardogeneroso/Documents/Documents - Bernardo’s MacBook Pro/Courses/The Ultimate Redux/Source Code/redux-starter/src/store/middleware/logger.js">
        <metrics statements="8" coveredstatements="1" conditionals="0" coveredconditionals="0" methods="4" coveredmethods="0"/>
        <line num="1" count="1" type="stmt"/>
        <line num="2" count="0" type="stmt"/>
        <line num="3" count="0" type="stmt"/>
        <line num="4" count="0" type="stmt"/>
        <line num="5" count="0" type="stmt"/>
        <line num="6" count="0" type="stmt"/>
        <line num="7" count="0" type="stmt"/>
        <line num="8" count="0" type="stmt"/>
      </file>
      <file name="toast.js" path="/Users/bernardogeneroso/Documents/Documents - Bernardo’s MacBook Pro/Courses/The Ultimate Redux/Source Code/redux-starter/src/store/middleware/toast.js">
        <metrics statements="4" coveredstatements="3" conditionals="2" coveredconditionals="1" methods="3" coveredmethods="3"/>
        <line num="1" count="12" type="stmt"/>
        <line num="2" count="47" type="cond" truecount="1" falsecount="1"/>
        <line num="3" count="0" type="stmt"/>
        <line num="4" count="47" type="stmt"/>
      </file>
    </package>
  </project>
</coverage>
