{"/Users/bernardogeneroso/Documents/Documents - Bernardo’s MacBook Pro/Courses/The Ultimate Redux/Source Code/redux-starter/src/math.js": {"path":"/Users/bernardogeneroso/Documents/Documents - Bernardo’s MacBook Pro/Courses/The Ultimate Redux/Source Code/redux-starter/src/math.js","statementMap":{"0":{"start":{"line":1,"column":22},"end":{"line":1,"column":50}},"1":{"start":{"line":1,"column":34},"end":{"line":1,"column":50}}},"fnMap":{"0":{"name":"(anonymous_0)","decl":{"start":{"line":1,"column":22},"end":{"line":1,"column":23}},"loc":{"start":{"line":1,"column":34},"end":{"line":1,"column":50}},"line":1}},"branchMap":{},"s":{"0":1,"1":2},"f":{"0":2},"b":{},"_coverageSchema":"1a1c01bbd47fc00a2c39e90264f33305004495a9","hash":"03500b8d9904bdf2994c63fbad3c330ebb60918e"}
,"/Users/bernardogeneroso/Documents/Documents - Bernardo’s MacBook Pro/Courses/The Ultimate Redux/Source Code/redux-starter/src/store/api.js": {"path":"/Users/bernardogeneroso/Documents/Documents - Bernardo’s MacBook Pro/Courses/The Ultimate Redux/Source Code/redux-starter/src/store/api.js","statementMap":{"0":{"start":{"line":3,"column":26},"end":{"line":3,"column":52}},"1":{"start":{"line":4,"column":33},"end":{"line":4,"column":66}},"2":{"start":{"line":5,"column":32},"end":{"line":5,"column":64}}},"fnMap":{},"branchMap":{},"s":{"0":1,"1":1,"2":1},"f":{},"b":{},"_coverageSchema":"1a1c01bbd47fc00a2c39e90264f33305004495a9","hash":"bd9c8a3fa13e6794e07a0a6601e5d232acf29ffd"}
,"/Users/bernardogeneroso/Documents/Documents - Bernardo’s MacBook Pro/Courses/The Ultimate Redux/Source Code/redux-starter/src/store/bugs.js": {"path":"/Users/bernardogeneroso/Documents/Documents - Bernardo’s MacBook Pro/Courses/The Ultimate Redux/Source Code/redux-starter/src/store/bugs.js","statementMap":{"0":{"start":{"line":7,"column":14},"end":{"line":56,"column":2}},"1":{"start":{"line":16,"column":12},"end":{"line":16,"column":32}},"2":{"start":{"line":20,"column":12},"end":{"line":20,"column":33}},"3":{"start":{"line":24,"column":12},"end":{"line":24,"column":39}},"4":{"start":{"line":25,"column":12},"end":{"line":25,"column":33}},"5":{"start":{"line":26,"column":12},"end":{"line":26,"column":40}},"6":{"start":{"line":30,"column":35},"end":{"line":30,"column":49}},"7":{"start":{"line":31,"column":26},"end":{"line":31,"column":69}},"8":{"start":{"line":31,"column":55},"end":{"line":31,"column":68}},"9":{"start":{"line":32,"column":12},"end":{"line":32,"column":45}},"10":{"start":{"line":38,"column":12},"end":{"line":38,"column":43}},"11":{"start":{"line":43,"column":26},"end":{"line":45,"column":13}},"12":{"start":{"line":44,"column":25},"end":{"line":44,"column":53}},"13":{"start":{"line":46,"column":12},"end":{"line":46,"column":45}},"14":{"start":{"line":50,"column":12},"end":{"line":53,"column":14}},"15":{"start":{"line":51,"column":45},"end":{"line":51,"column":73}},"16":{"start":{"line":69,"column":4},"end":{"line":69,"column":17}},"17":{"start":{"line":71,"column":12},"end":{"line":71,"column":19}},"18":{"start":{"line":73,"column":24},"end":{"line":88,"column":1}},"19":{"start":{"line":73,"column":30},"end":{"line":88,"column":1}},"20":{"start":{"line":74,"column":26},"end":{"line":74,"column":50}},"21":{"start":{"line":76,"column":26},"end":{"line":76,"column":69}},"22":{"start":{"line":78,"column":4},"end":{"line":78,"column":35}},"23":{"start":{"line":78,"column":28},"end":{"line":78,"column":35}},"24":{"start":{"line":80,"column":4},"end":{"line":87,"column":6}},"25":{"start":{"line":90,"column":22},"end":{"line":96,"column":6}},"26":{"start":{"line":91,"column":4},"end":{"line":96,"column":6}},"27":{"start":{"line":98,"column":25},"end":{"line":104,"column":6}},"28":{"start":{"line":99,"column":4},"end":{"line":104,"column":6}},"29":{"start":{"line":106,"column":26},"end":{"line":112,"column":6}},"30":{"start":{"line":107,"column":4},"end":{"line":112,"column":6}},"31":{"start":{"line":114,"column":31},"end":{"line":120,"column":6}},"32":{"start":{"line":115,"column":4},"end":{"line":120,"column":6}},"33":{"start":{"line":125,"column":33},"end":{"line":129,"column":1}},"34":{"start":{"line":126,"column":15},"end":{"line":126,"column":34}},"35":{"start":{"line":127,"column":15},"end":{"line":127,"column":38}},"36":{"start":{"line":128,"column":24},"end":{"line":128,"column":64}},"37":{"start":{"line":128,"column":50},"end":{"line":128,"column":63}},"38":{"start":{"line":131,"column":29},"end":{"line":135,"column":5}},"39":{"start":{"line":132,"column":4},"end":{"line":135,"column":5}},"40":{"start":{"line":133,"column":19},"end":{"line":133,"column":38}},"41":{"start":{"line":134,"column":18},"end":{"line":134,"column":66}},"42":{"start":{"line":134,"column":44},"end":{"line":134,"column":65}}},"fnMap":{"0":{"name":"(anonymous_0)","decl":{"start":{"line":15,"column":23},"end":{"line":15,"column":24}},"loc":{"start":{"line":15,"column":41},"end":{"line":17,"column":9}},"line":15},"1":{"name":"(anonymous_1)","decl":{"start":{"line":19,"column":27},"end":{"line":19,"column":28}},"loc":{"start":{"line":19,"column":45},"end":{"line":21,"column":9}},"line":19},"2":{"name":"(anonymous_2)","decl":{"start":{"line":23,"column":22},"end":{"line":23,"column":23}},"loc":{"start":{"line":23,"column":40},"end":{"line":27,"column":9}},"line":23},"3":{"name":"(anonymous_3)","decl":{"start":{"line":29,"column":27},"end":{"line":29,"column":28}},"loc":{"start":{"line":29,"column":45},"end":{"line":33,"column":9}},"line":29},"4":{"name":"(anonymous_4)","decl":{"start":{"line":31,"column":46},"end":{"line":31,"column":47}},"loc":{"start":{"line":31,"column":55},"end":{"line":31,"column":68}},"line":31},"5":{"name":"(anonymous_5)","decl":{"start":{"line":37,"column":18},"end":{"line":37,"column":19}},"loc":{"start":{"line":37,"column":36},"end":{"line":39,"column":9}},"line":37},"6":{"name":"(anonymous_6)","decl":{"start":{"line":42,"column":21},"end":{"line":42,"column":22}},"loc":{"start":{"line":42,"column":39},"end":{"line":47,"column":9}},"line":42},"7":{"name":"(anonymous_7)","decl":{"start":{"line":44,"column":16},"end":{"line":44,"column":17}},"loc":{"start":{"line":44,"column":25},"end":{"line":44,"column":53}},"line":44},"8":{"name":"(anonymous_8)","decl":{"start":{"line":49,"column":20},"end":{"line":49,"column":21}},"loc":{"start":{"line":49,"column":38},"end":{"line":54,"column":9}},"line":49},"9":{"name":"(anonymous_9)","decl":{"start":{"line":51,"column":36},"end":{"line":51,"column":37}},"loc":{"start":{"line":51,"column":45},"end":{"line":51,"column":73}},"line":51},"10":{"name":"(anonymous_10)","decl":{"start":{"line":73,"column":24},"end":{"line":73,"column":25}},"loc":{"start":{"line":73,"column":30},"end":{"line":88,"column":1}},"line":73},"11":{"name":"(anonymous_11)","decl":{"start":{"line":73,"column":30},"end":{"line":73,"column":31}},"loc":{"start":{"line":73,"column":54},"end":{"line":88,"column":1}},"line":73},"12":{"name":"(anonymous_12)","decl":{"start":{"line":90,"column":22},"end":{"line":90,"column":23}},"loc":{"start":{"line":91,"column":4},"end":{"line":96,"column":6}},"line":91},"13":{"name":"(anonymous_13)","decl":{"start":{"line":98,"column":25},"end":{"line":98,"column":26}},"loc":{"start":{"line":99,"column":4},"end":{"line":104,"column":6}},"line":99},"14":{"name":"(anonymous_14)","decl":{"start":{"line":106,"column":26},"end":{"line":106,"column":27}},"loc":{"start":{"line":107,"column":4},"end":{"line":112,"column":6}},"line":107},"15":{"name":"(anonymous_15)","decl":{"start":{"line":114,"column":31},"end":{"line":114,"column":32}},"loc":{"start":{"line":115,"column":4},"end":{"line":120,"column":6}},"line":115},"16":{"name":"(anonymous_16)","decl":{"start":{"line":126,"column":4},"end":{"line":126,"column":5}},"loc":{"start":{"line":126,"column":15},"end":{"line":126,"column":34}},"line":126},"17":{"name":"(anonymous_17)","decl":{"start":{"line":127,"column":4},"end":{"line":127,"column":5}},"loc":{"start":{"line":127,"column":15},"end":{"line":127,"column":38}},"line":127},"18":{"name":"(anonymous_18)","decl":{"start":{"line":128,"column":4},"end":{"line":128,"column":5}},"loc":{"start":{"line":128,"column":24},"end":{"line":128,"column":64}},"line":128},"19":{"name":"(anonymous_19)","decl":{"start":{"line":128,"column":41},"end":{"line":128,"column":42}},"loc":{"start":{"line":128,"column":50},"end":{"line":128,"column":63}},"line":128},"20":{"name":"(anonymous_20)","decl":{"start":{"line":131,"column":29},"end":{"line":131,"column":30}},"loc":{"start":{"line":132,"column":4},"end":{"line":135,"column":5}},"line":132},"21":{"name":"(anonymous_21)","decl":{"start":{"line":133,"column":8},"end":{"line":133,"column":9}},"loc":{"start":{"line":133,"column":19},"end":{"line":133,"column":38}},"line":133},"22":{"name":"(anonymous_22)","decl":{"start":{"line":134,"column":8},"end":{"line":134,"column":9}},"loc":{"start":{"line":134,"column":18},"end":{"line":134,"column":66}},"line":134},"23":{"name":"(anonymous_23)","decl":{"start":{"line":134,"column":35},"end":{"line":134,"column":36}},"loc":{"start":{"line":134,"column":44},"end":{"line":134,"column":65}},"line":134}},"branchMap":{"0":{"loc":{"start":{"line":78,"column":4},"end":{"line":78,"column":35}},"type":"if","locations":[{"start":{"line":78,"column":4},"end":{"line":78,"column":35}},{"start":{},"end":{}}],"line":78}},"s":{"0":1,"1":5,"2":1,"3":4,"4":4,"5":4,"6":0,"7":0,"8":0,"9":0,"10":5,"11":1,"12":1,"13":1,"14":1,"15":1,"16":1,"17":1,"18":1,"19":6,"20":6,"21":6,"22":6,"23":1,"24":5,"25":1,"26":6,"27":1,"28":2,"29":1,"30":2,"31":1,"32":0,"33":1,"34":1,"35":1,"36":1,"37":4,"38":1,"39":0,"40":0,"41":0,"42":0},"f":{"0":5,"1":1,"2":4,"3":0,"4":0,"5":5,"6":1,"7":1,"8":1,"9":1,"10":6,"11":6,"12":6,"13":2,"14":2,"15":0,"16":1,"17":1,"18":1,"19":4,"20":0,"21":0,"22":0,"23":0},"b":{"0":[1,5]},"_coverageSchema":"1a1c01bbd47fc00a2c39e90264f33305004495a9","hash":"45fc079bd5d00e33b0ff041841ad454343f6707e"}
,"/Users/bernardogeneroso/Documents/Documents - Bernardo’s MacBook Pro/Courses/The Ultimate Redux/Source Code/redux-starter/src/store/configureStore.js": {"path":"/Users/bernardogeneroso/Documents/Documents - Bernardo’s MacBook Pro/Courses/The Ultimate Redux/Source Code/redux-starter/src/store/configureStore.js","statementMap":{"0":{"start":{"line":9,"column":4},"end":{"line":17,"column":7}},"1":{"start":{"line":11,"column":46},"end":{"line":16,"column":9}}},"fnMap":{"0":{"name":"(anonymous_0)","decl":{"start":{"line":8,"column":15},"end":{"line":8,"column":16}},"loc":{"start":{"line":8,"column":27},"end":{"line":18,"column":1}},"line":8},"1":{"name":"(anonymous_1)","decl":{"start":{"line":11,"column":20},"end":{"line":11,"column":21}},"loc":{"start":{"line":11,"column":46},"end":{"line":16,"column":9}},"line":11}},"branchMap":{},"s":{"0":12,"1":12},"f":{"0":12,"1":12},"b":{},"_coverageSchema":"1a1c01bbd47fc00a2c39e90264f33305004495a9","hash":"4b32ef2bed542fe1883ac06a55c399970c43c83a"}
,"/Users/bernardogeneroso/Documents/Documents - Bernardo’s MacBook Pro/Courses/The Ultimate Redux/Source Code/redux-starter/src/store/entities.js": {"path":"/Users/bernardogeneroso/Documents/Documents - Bernardo’s MacBook Pro/Courses/The Ultimate Redux/Source Code/redux-starter/src/store/entities.js","statementMap":{},"fnMap":{},"branchMap":{},"s":{},"f":{},"b":{},"_coverageSchema":"1a1c01bbd47fc00a2c39e90264f33305004495a9","hash":"fb286a7d0e5fc2ea214f5ad9b85718565dae4d84"}
,"/Users/bernardogeneroso/Documents/Documents - Bernardo’s MacBook Pro/Courses/The Ultimate Redux/Source Code/redux-starter/src/store/projets.js": {"path":"/Users/bernardogeneroso/Documents/Documents - Bernardo’s MacBook Pro/Courses/The Ultimate Redux/Source Code/redux-starter/src/store/projets.js","statementMap":{"0":{"start":{"line":3,"column":13},"end":{"line":3,"column":14}},"1":{"start":{"line":5,"column":14},"end":{"line":16,"column":2}},"2":{"start":{"line":10,"column":12},"end":{"line":13,"column":15}},"3":{"start":{"line":18,"column":32},"end":{"line":18,"column":45}}},"fnMap":{"0":{"name":"(anonymous_0)","decl":{"start":{"line":9,"column":22},"end":{"line":9,"column":23}},"loc":{"start":{"line":9,"column":44},"end":{"line":14,"column":9}},"line":9}},"branchMap":{},"s":{"0":1,"1":1,"2":0,"3":1},"f":{"0":0},"b":{},"_coverageSchema":"1a1c01bbd47fc00a2c39e90264f33305004495a9","hash":"81fa65c11cd1ef96e84e63dd09de78bfdbf5423e"}
,"/Users/bernardogeneroso/Documents/Documents - Bernardo’s MacBook Pro/Courses/The Ultimate Redux/Source Code/redux-starter/src/store/reducer.js": {"path":"/Users/bernardogeneroso/Documents/Documents - Bernardo’s MacBook Pro/Courses/The Ultimate Redux/Source Code/redux-starter/src/store/reducer.js","statementMap":{},"fnMap":{},"branchMap":{},"s":{},"f":{},"b":{},"_coverageSchema":"1a1c01bbd47fc00a2c39e90264f33305004495a9","hash":"37002d392d1347a0844650a1d32adb0174b6ca28"}
,"/Users/bernardogeneroso/Documents/Documents - Bernardo’s MacBook Pro/Courses/The Ultimate Redux/Source Code/redux-starter/src/store/users.js": {"path":"/Users/bernardogeneroso/Documents/Documents - Bernardo’s MacBook Pro/Courses/The Ultimate Redux/Source Code/redux-starter/src/store/users.js","statementMap":{"0":{"start":{"line":3,"column":13},"end":{"line":3,"column":14}},"1":{"start":{"line":5,"column":14},"end":{"line":16,"column":2}},"2":{"start":{"line":10,"column":12},"end":{"line":13,"column":15}},"3":{"start":{"line":18,"column":30},"end":{"line":18,"column":43}}},"fnMap":{"0":{"name":"(anonymous_0)","decl":{"start":{"line":9,"column":20},"end":{"line":9,"column":21}},"loc":{"start":{"line":9,"column":39},"end":{"line":14,"column":9}},"line":9}},"branchMap":{},"s":{"0":1,"1":1,"2":0,"3":1},"f":{"0":0},"b":{},"_coverageSchema":"1a1c01bbd47fc00a2c39e90264f33305004495a9","hash":"3de3662b4264932054b5140179fc44564761b95d"}
,"/Users/bernardogeneroso/Documents/Documents - Bernardo’s MacBook Pro/Courses/The Ultimate Redux/Source Code/redux-starter/src/store/middleware/api.js": {"path":"/Users/bernardogeneroso/Documents/Documents - Bernardo’s MacBook Pro/Courses/The Ultimate Redux/Source Code/redux-starter/src/store/middleware/api.js","statementMap":{"0":{"start":{"line":16,"column":4},"end":{"line":56,"column":5}},"1":{"start":{"line":17,"column":4},"end":{"line":56,"column":5}},"2":{"start":{"line":18,"column":4},"end":{"line":56,"column":5}},"3":{"start":{"line":19,"column":8},"end":{"line":19,"column":73}},"4":{"start":{"line":19,"column":53},"end":{"line":19,"column":73}},"5":{"start":{"line":22,"column":12},"end":{"line":22,"column":26}},"6":{"start":{"line":24,"column":8},"end":{"line":24,"column":49}},"7":{"start":{"line":24,"column":21},"end":{"line":24,"column":49}},"8":{"start":{"line":26,"column":8},"end":{"line":26,"column":21}},"9":{"start":{"line":28,"column":8},"end":{"line":55,"column":9}},"10":{"start":{"line":29,"column":29},"end":{"line":34,"column":14}},"11":{"start":{"line":37,"column":12},"end":{"line":37,"column":63}},"12":{"start":{"line":40,"column":12},"end":{"line":44,"column":19}},"13":{"start":{"line":41,"column":16},"end":{"line":44,"column":19}},"14":{"start":{"line":47,"column":12},"end":{"line":47,"column":62}},"15":{"start":{"line":50,"column":12},"end":{"line":54,"column":19}},"16":{"start":{"line":51,"column":16},"end":{"line":54,"column":19}}},"fnMap":{"0":{"name":"(anonymous_0)","decl":{"start":{"line":16,"column":4},"end":{"line":16,"column":5}},"loc":{"start":{"line":17,"column":4},"end":{"line":56,"column":5}},"line":17},"1":{"name":"(anonymous_1)","decl":{"start":{"line":17,"column":4},"end":{"line":17,"column":5}},"loc":{"start":{"line":18,"column":4},"end":{"line":56,"column":5}},"line":18},"2":{"name":"(anonymous_2)","decl":{"start":{"line":18,"column":4},"end":{"line":18,"column":5}},"loc":{"start":{"line":18,"column":22},"end":{"line":56,"column":5}},"line":18}},"branchMap":{"0":{"loc":{"start":{"line":19,"column":8},"end":{"line":19,"column":73}},"type":"if","locations":[{"start":{"line":19,"column":8},"end":{"line":19,"column":73}},{"start":{},"end":{}}],"line":19},"1":{"loc":{"start":{"line":24,"column":8},"end":{"line":24,"column":49}},"type":"if","locations":[{"start":{"line":24,"column":8},"end":{"line":24,"column":49}},{"start":{},"end":{}}],"line":24},"2":{"loc":{"start":{"line":40,"column":12},"end":{"line":44,"column":19}},"type":"if","locations":[{"start":{"line":40,"column":12},"end":{"line":44,"column":19}},{"start":{},"end":{}}],"line":40},"3":{"loc":{"start":{"line":43,"column":29},"end":{"line":43,"column":79}},"type":"cond-expr","locations":[{"start":{"line":43,"column":51},"end":{"line":43,"column":63}},{"start":{"line":43,"column":66},"end":{"line":43,"column":79}}],"line":43},"4":{"loc":{"start":{"line":50,"column":12},"end":{"line":54,"column":19}},"type":"if","locations":[{"start":{"line":50,"column":12},"end":{"line":54,"column":19}},{"start":{},"end":{}}],"line":50}},"s":{"0":1,"1":12,"2":12,"3":47,"4":32,"5":15,"6":15,"7":5,"8":15,"9":15,"10":15,"11":11,"12":11,"13":11,"14":4,"15":4,"16":1},"f":{"0":12,"1":12,"2":47},"b":{"0":[32,15],"1":[5,10],"2":[11,0],"3":[1,10],"4":[1,3]},"_coverageSchema":"1a1c01bbd47fc00a2c39e90264f33305004495a9","hash":"6d93cf0a7a90c15cb269d2459c1b8754d220787e"}
,"/Users/bernardogeneroso/Documents/Documents - Bernardo’s MacBook Pro/Courses/The Ultimate Redux/Source Code/redux-starter/src/store/middleware/logger.js": {"path":"/Users/bernardogeneroso/Documents/Documents - Bernardo’s MacBook Pro/Courses/The Ultimate Redux/Source Code/redux-starter/src/store/middleware/logger.js","statementMap":{"0":{"start":{"line":1,"column":15},"end":{"line":9,"column":1}},"1":{"start":{"line":1,"column":26},"end":{"line":9,"column":1}},"2":{"start":{"line":1,"column":37},"end":{"line":9,"column":1}},"3":{"start":{"line":1,"column":47},"end":{"line":9,"column":1}},"4":{"start":{"line":2,"column":4},"end":{"line":2,"column":31}},"5":{"start":{"line":3,"column":4},"end":{"line":3,"column":35}},"6":{"start":{"line":4,"column":4},"end":{"line":4,"column":41}},"7":{"start":{"line":5,"column":19},"end":{"line":5,"column":31}},"8":{"start":{"line":6,"column":4},"end":{"line":6,"column":55}},"9":{"start":{"line":7,"column":4},"end":{"line":7,"column":23}},"10":{"start":{"line":8,"column":4},"end":{"line":8,"column":18}}},"fnMap":{"0":{"name":"(anonymous_0)","decl":{"start":{"line":1,"column":15},"end":{"line":1,"column":16}},"loc":{"start":{"line":1,"column":26},"end":{"line":9,"column":1}},"line":1},"1":{"name":"(anonymous_1)","decl":{"start":{"line":1,"column":26},"end":{"line":1,"column":27}},"loc":{"start":{"line":1,"column":37},"end":{"line":9,"column":1}},"line":1},"2":{"name":"(anonymous_2)","decl":{"start":{"line":1,"column":37},"end":{"line":1,"column":38}},"loc":{"start":{"line":1,"column":47},"end":{"line":9,"column":1}},"line":1},"3":{"name":"(anonymous_3)","decl":{"start":{"line":1,"column":47},"end":{"line":1,"column":48}},"loc":{"start":{"line":1,"column":59},"end":{"line":9,"column":1}},"line":1}},"branchMap":{},"s":{"0":1,"1":0,"2":0,"3":0,"4":0,"5":0,"6":0,"7":0,"8":0,"9":0,"10":0},"f":{"0":0,"1":0,"2":0,"3":0},"b":{},"_coverageSchema":"1a1c01bbd47fc00a2c39e90264f33305004495a9","hash":"f40d187e58b16e4f196de60d229c6a5252e43b8e"}
,"/Users/bernardogeneroso/Documents/Documents - Bernardo’s MacBook Pro/Courses/The Ultimate Redux/Source Code/redux-starter/src/store/middleware/toast.js": {"path":"/Users/bernardogeneroso/Documents/Documents - Bernardo’s MacBook Pro/Courses/The Ultimate Redux/Source Code/redux-starter/src/store/middleware/toast.js","statementMap":{"0":{"start":{"line":1,"column":14},"end":{"line":5,"column":1}},"1":{"start":{"line":1,"column":25},"end":{"line":5,"column":1}},"2":{"start":{"line":1,"column":35},"end":{"line":5,"column":1}},"3":{"start":{"line":2,"column":4},"end":{"line":4,"column":29}},"4":{"start":{"line":3,"column":8},"end":{"line":3,"column":57}},"5":{"start":{"line":4,"column":9},"end":{"line":4,"column":29}}},"fnMap":{"0":{"name":"(anonymous_0)","decl":{"start":{"line":1,"column":14},"end":{"line":1,"column":15}},"loc":{"start":{"line":1,"column":25},"end":{"line":5,"column":1}},"line":1},"1":{"name":"(anonymous_1)","decl":{"start":{"line":1,"column":25},"end":{"line":1,"column":26}},"loc":{"start":{"line":1,"column":35},"end":{"line":5,"column":1}},"line":1},"2":{"name":"(anonymous_2)","decl":{"start":{"line":1,"column":35},"end":{"line":1,"column":36}},"loc":{"start":{"line":1,"column":47},"end":{"line":5,"column":1}},"line":1}},"branchMap":{"0":{"loc":{"start":{"line":2,"column":4},"end":{"line":4,"column":29}},"type":"if","locations":[{"start":{"line":2,"column":4},"end":{"line":4,"column":29}},{"start":{"line":4,"column":9},"end":{"line":4,"column":29}}],"line":2}},"s":{"0":1,"1":12,"2":12,"3":47,"4":0,"5":47},"f":{"0":12,"1":12,"2":47},"b":{"0":[0,47]},"_coverageSchema":"1a1c01bbd47fc00a2c39e90264f33305004495a9","hash":"64d018c43ec8d9fa3a64b330b0a6dc36ec9fafc4"}
}
