TN:
SF:src/math.js
FN:1,(anonymous_0)
FNF:1
FNH:1
FNDA:2,(anonymous_0)
DA:1,2
LF:1
LH:1
BRF:0
BRH:0
end_of_record
TN:
SF:src/store/api.js
FNF:0
FNH:0
DA:3,1
DA:4,1
DA:5,1
LF:3
LH:3
BRF:0
BRH:0
end_of_record
TN:
SF:src/store/bugs.js
FN:15,(anonymous_0)
FN:19,(anonymous_1)
FN:23,(anonymous_2)
FN:29,(anonymous_3)
FN:31,(anonymous_4)
FN:37,(anonymous_5)
FN:42,(anonymous_6)
FN:44,(anonymous_7)
FN:49,(anonymous_8)
FN:51,(anonymous_9)
FN:73,(anonymous_10)
FN:73,(anonymous_11)
FN:90,(anonymous_12)
FN:98,(anonymous_13)
FN:106,(anonymous_14)
FN:114,(anonymous_15)
FN:126,(anonymous_16)
FN:127,(anonymous_17)
FN:128,(anonymous_18)
FN:128,(anonymous_19)
FN:131,(anonymous_20)
FN:133,(anonymous_21)
FN:134,(anonymous_22)
FN:134,(anonymous_23)
FNF:24
FNH:17
FNDA:5,(anonymous_0)
FNDA:1,(anonymous_1)
FNDA:4,(anonymous_2)
FNDA:0,(anonymous_3)
FNDA:0,(anonymous_4)
FNDA:5,(anonymous_5)
FNDA:1,(anonymous_6)
FNDA:1,(anonymous_7)
FNDA:1,(anonymous_8)
FNDA:1,(anonymous_9)
FNDA:6,(anonymous_10)
FNDA:6,(anonymous_11)
FNDA:6,(anonymous_12)
FNDA:2,(anonymous_13)
FNDA:2,(anonymous_14)
FNDA:0,(anonymous_15)
FNDA:1,(anonymous_16)
FNDA:1,(anonymous_17)
FNDA:1,(anonymous_18)
FNDA:4,(anonymous_19)
FNDA:0,(anonymous_20)
FNDA:0,(anonymous_21)
FNDA:0,(anonymous_22)
FNDA:0,(anonymous_23)
DA:7,1
DA:16,5
DA:20,1
DA:24,4
DA:25,4
DA:26,4
DA:30,0
DA:31,0
DA:32,0
DA:38,5
DA:43,1
DA:44,1
DA:46,1
DA:50,1
DA:51,1
DA:69,1
DA:71,1
DA:73,6
DA:74,6
DA:76,6
DA:78,6
DA:80,5
DA:90,1
DA:91,6
DA:98,1
DA:99,2
DA:106,1
DA:107,2
DA:114,1
DA:115,0
DA:125,1
DA:126,1
DA:127,1
DA:128,4
DA:131,1
DA:132,0
DA:133,0
DA:134,0
LF:38
LH:31
BRDA:78,0,0,1
BRDA:78,0,1,5
BRF:2
BRH:2
end_of_record
TN:
SF:src/store/configureStore.js
FN:8,(anonymous_0)
FN:11,(anonymous_1)
FNF:2
FNH:2
FNDA:12,(anonymous_0)
FNDA:12,(anonymous_1)
DA:9,12
DA:11,12
LF:2
LH:2
BRF:0
BRH:0
end_of_record
TN:
SF:src/store/entities.js
FNF:0
FNH:0
LF:0
LH:0
BRF:0
BRH:0
end_of_record
TN:
SF:src/store/projets.js
FN:9,(anonymous_0)
FNF:1
FNH:0
FNDA:0,(anonymous_0)
DA:3,1
DA:5,1
DA:10,0
DA:18,1
LF:4
LH:3
BRF:0
BRH:0
end_of_record
TN:
SF:src/store/reducer.js
FNF:0
FNH:0
LF:0
LH:0
BRF:0
BRH:0
end_of_record
TN:
SF:src/store/users.js
FN:9,(anonymous_0)
FNF:1
FNH:0
FNDA:0,(anonymous_0)
DA:3,1
DA:5,1
DA:10,0
DA:18,1
LF:4
LH:3
BRF:0
BRH:0
end_of_record
TN:
SF:src/store/middleware/api.js
FN:16,(anonymous_0)
FN:17,(anonymous_1)
FN:18,(anonymous_2)
FNF:3
FNH:3
FNDA:12,(anonymous_0)
FNDA:12,(anonymous_1)
FNDA:47,(anonymous_2)
DA:16,1
DA:17,12
DA:18,12
DA:19,47
DA:22,15
DA:24,15
DA:26,15
DA:28,15
DA:29,15
DA:37,11
DA:40,11
DA:41,11
DA:47,4
DA:50,4
DA:51,1
LF:15
LH:15
BRDA:19,0,0,32
BRDA:19,0,1,15
BRDA:24,1,0,5
BRDA:24,1,1,10
BRDA:40,2,0,11
BRDA:40,2,1,0
BRDA:43,3,0,1
BRDA:43,3,1,10
BRDA:50,4,0,1
BRDA:50,4,1,3
BRF:10
BRH:9
end_of_record
TN:
SF:src/store/middleware/logger.js
FN:1,(anonymous_0)
FN:1,(anonymous_1)
FN:1,(anonymous_2)
FN:1,(anonymous_3)
FNF:4
FNH:0
FNDA:0,(anonymous_0)
FNDA:0,(anonymous_1)
FNDA:0,(anonymous_2)
FNDA:0,(anonymous_3)
DA:1,1
DA:2,0
DA:3,0
DA:4,0
DA:5,0
DA:6,0
DA:7,0
DA:8,0
LF:8
LH:1
BRF:0
BRH:0
end_of_record
TN:
SF:src/store/middleware/toast.js
FN:1,(anonymous_0)
FN:1,(anonymous_1)
FN:1,(anonymous_2)
FNF:3
FNH:3
FNDA:12,(anonymous_0)
FNDA:12,(anonymous_1)
FNDA:47,(anonymous_2)
DA:1,12
DA:2,47
DA:3,0
DA:4,47
LF:4
LH:3
BRDA:2,0,0,0
BRDA:2,0,1,47
BRF:2
BRH:1
end_of_record
